2025-08-26 14:01:40,198 - INFO - Skipping analysis for SAPIEN/USD on 4h: insufficient data (0 candles)
2025-08-26 14:01:40,199 - INFO - Skipping analysis for SAPIEN/EUR on 4h: insufficient data (0 candles)
2025-08-26 14:01:49,556 - INFO - MAT/EUR regime=breakout conf=0.60 votes=6
2025-08-26 14:01:49,643 - INFO - XRP/USD regime=trending conf=0.60 votes=6
2025-08-26 14:01:49,691 - INFO - NODE/USD regime=trending conf=0.40 votes=4
2025-08-26 14:01:49,797 - INFO - MAT/USD regime=breakout conf=0.40 votes=4
2025-08-26 14:01:49,941 - INFO - BERA/EUR regime=breakout conf=0.60 votes=6
2025-08-26 14:01:50,070 - INFO - CRO/USD regime=trending conf=0.90 votes=9
2025-08-26 14:01:50,150 - INFO - CXT/EUR regime=breakout conf=0.80 votes=8
2025-08-26 14:01:50,214 - INFO - MELANIA/EUR regime=trending conf=0.60 votes=6
2025-08-26 14:01:50,315 - INFO - CFG/USD regime=trending conf=0.50 votes=5
2025-08-26 14:01:50,392 - INFO - ETH/USD regime=mean-reverting conf=0.60 votes=6
2025-08-26 14:01:50,512 - INFO - ETH/EUR regime=mean-reverting conf=0.60 votes=6
2025-08-26 14:01:50,709 - INFO - NMR/EUR regime=breakout conf=0.60 votes=6
2025-08-26 14:01:50,809 - INFO - LPT/USD regime=mean-reverting conf=0.50 votes=5
2025-08-26 14:01:50,930 - INFO - CRO/EUR regime=trending conf=0.60 votes=6
2025-08-26 14:01:51,066 - INFO - BERA/USD regime=trending conf=0.40 votes=4
2025-08-26 14:01:51,227 - INFO - MELANIA/USDT regime=breakout conf=0.60 votes=6
2025-08-26 14:01:51,311 - INFO - SOL/USD regime=mean-reverting conf=0.50 votes=5
2025-08-26 14:01:51,435 - INFO - NMR/USD regime=breakout conf=0.60 votes=6
2025-08-26 14:01:51,577 - INFO - PROMPT/USD regime=trending conf=0.40 votes=4
2025-08-26 14:01:51,664 - INFO - GHIBLI/USD regime=breakout conf=0.40 votes=4
2025-08-26 14:01:51,708 - INFO - BTC/EUR regime=mean-reverting conf=0.80 votes=8
2025-08-26 14:01:51,811 - INFO - MELANIA/USD regime=trending conf=0.60 votes=6
2025-08-26 14:01:51,844 - INFO - CRO/USDT regime=breakout conf=0.22 votes=4
2025-08-26 14:01:51,869 - INFO - LPT/EUR regime=breakout conf=0.60 votes=6
2025-08-26 14:01:51,881 - INFO - CXT/USD regime=breakout conf=0.40 votes=4
2025-08-26 14:01:51,883 - INFO - RAIIN/USD regime=volatile conf=0.29 votes=5
2025-08-26 14:01:51,884 - INFO - BERA/USDT regime=breakout conf=0.60 votes=6
2025-08-26 14:01:51,884 - INFO - EDGE/USD regime=mean-reverting conf=0.40 votes=4
2025-08-26 14:01:51,890 - INFO - SPK/USD regime=breakout conf=0.40 votes=4
2025-08-26 14:01:51,891 - INFO - SNX/EUR regime=breakout conf=0.60 votes=6
2025-08-26 14:01:51,898 - INFO - VINE/USD regime=breakout conf=0.24 votes=4
2025-08-26 14:01:51,898 - INFO - PARTI/USD regime=breakout conf=0.80 votes=8
2025-08-26 14:01:51,912 - INFO - FIS/EUR regime=breakout conf=0.60 votes=6
2025-08-26 14:01:51,915 - INFO - PROMPT/EUR regime=breakout conf=0.40 votes=4
2025-08-26 14:01:51,916 - INFO - BTC/USD regime=breakout conf=0.60 votes=6
2025-08-26 14:01:51,918 - INFO - USDC/EUR regime=trending conf=0.60 votes=6
2025-08-26 14:01:51,919 - INFO - ORDER/USD regime=trending conf=0.72 votes=8
2025-08-26 14:01:51,920 - INFO - USDT/EUR regime=breakout conf=0.49 votes=6
2025-08-26 14:01:51,921 - INFO - ODOS/USD regime=breakout conf=0.40 votes=4
2025-08-26 14:01:51,928 - INFO - ZEUS/USD regime=trending conf=0.60 votes=6
2025-08-26 14:01:51,929 - INFO - USDUC/USD regime=breakout conf=0.33 votes=4
2025-08-26 14:01:51,930 - INFO - MKR/USD regime=breakout conf=0.40 votes=4
2025-08-26 14:01:51,936 - INFO - SNX/USD regime=trending conf=0.60 votes=6
2025-08-26 14:01:51,939 - INFO - FIS/USD regime=breakout conf=0.40 votes=4
2025-08-26 14:01:51,950 - INFO - PUMP/USD regime=trending conf=0.50 votes=5
2025-08-26 14:01:51,953 - INFO - MKR/EUR regime=breakout conf=0.40 votes=4
2025-08-26 14:01:51,956 - INFO - PUMP/EUR regime=breakout conf=0.40 votes=4
2025-08-26 14:01:51,959 - INFO - DOGE/USD regime=trending conf=0.40 votes=4
